[2020-01-29 17:26:25]
         Текст ошибки: Нет соединения с БД | 
         Файл C:\OSPanel\domains\WFM\PHP\vendor\ishop\core\Db.php | 
         Строка 14
==================================================
[2020-01-29 17:45:17]
         Текст ошибки: Страница не найдена | 
         Файл C:\OSPanel\domains\WFM\PHP\vendor\ishop\core\Router.php | 
         Строка 46
==================================================
[2020-01-29 18:18:31]
         Текст ошибки: Страница не найдена | 
         Файл C:\OSPanel\domains\WFM\PHP\vendor\ishop\core\Router.php | 
         Строка 46
==================================================
[2020-01-29 18:29:16]
         Текст ошибки: Страница не найдена | 
         Файл C:\OSPanel\domains\WFM\PHP\vendor\ishop\core\Router.php | 
         Строка 46
==================================================
[2020-01-31 14:30:24]
         Текст ошибки: На найден шаблон watches | 
         Файл C:\OSPanel\domains\WFM\PHP\vendor\ishop\core\base\View.php | 
         Строка 50
==================================================
[2020-01-31 14:30:24]
         Текст ошибки: Страница не найдена | 
         Файл C:\OSPanel\domains\WFM\PHP\vendor\ishop\core\Router.php | 
         Строка 46
==================================================
[2020-01-31 14:31:12]
         Текст ошибки: Страница не найдена | 
         Файл C:\OSPanel\domains\WFM\PHP\vendor\ishop\core\Router.php | 
         Строка 46
==================================================
[2020-01-31 14:31:12]
         Текст ошибки: Страница не найдена | 
         Файл C:\OSPanel\domains\WFM\PHP\vendor\ishop\core\Router.php | 
         Строка 46
==================================================
[2020-01-31 14:31:12]
         Текст ошибки: Страница не найдена | 
         Файл C:\OSPanel\domains\WFM\PHP\vendor\ishop\core\Router.php | 
         Строка 46
==================================================
[2020-01-31 14:31:12]
         Текст ошибки: Страница не найдена | 
         Файл C:\OSPanel\domains\WFM\PHP\vendor\ishop\core\Router.php | 
         Строка 46
==================================================
[2020-01-31 14:31:12]
         Текст ошибки: Страница не найдена | 
         Файл C:\OSPanel\domains\WFM\PHP\vendor\ishop\core\Router.php | 
         Строка 46
==================================================
[2020-01-31 14:31:12]
         Текст ошибки: Страница не найдена | 
         Файл C:\OSPanel\domains\WFM\PHP\vendor\ishop\core\Router.php | 
         Строка 46
==================================================
[2020-01-31 14:31:12]
         Текст ошибки: Страница не найдена | 
         Файл C:\OSPanel\domains\WFM\PHP\vendor\ishop\core\Router.php | 
         Строка 46
==================================================
[2020-01-31 14:31:12]
         Текст ошибки: Страница не найдена | 
         Файл C:\OSPanel\domains\WFM\PHP\vendor\ishop\core\Router.php | 
         Строка 46
==================================================
[2020-01-31 14:31:12]
         Текст ошибки: Страница не найдена | 
         Файл C:\OSPanel\domains\WFM\PHP\vendor\ishop\core\Router.php | 
         Строка 46
==================================================
[2020-01-31 14:31:12]
         Текст ошибки: Страница не найдена | 
         Файл C:\OSPanel\domains\WFM\PHP\vendor\ishop\core\Router.php | 
         Строка 46
==================================================
[2020-01-31 14:31:12]
         Текст ошибки: Страница не найдена | 
         Файл C:\OSPanel\domains\WFM\PHP\vendor\ishop\core\Router.php | 
         Строка 46
==================================================
[2020-01-31 14:31:12]
         Текст ошибки: Страница не найдена | 
         Файл C:\OSPanel\domains\WFM\PHP\vendor\ishop\core\Router.php | 
         Строка 46
==================================================
[2020-01-31 14:31:12]
         Текст ошибки: Страница не найдена | 
         Файл C:\OSPanel\domains\WFM\PHP\vendor\ishop\core\Router.php | 
         Строка 46
==================================================
[2020-01-31 14:31:12]
         Текст ошибки: Страница не найдена | 
         Файл C:\OSPanel\domains\WFM\PHP\vendor\ishop\core\Router.php | 
         Строка 46
==================================================
[2020-01-31 14:31:12]
         Текст ошибки: Страница не найдена | 
         Файл C:\OSPanel\domains\WFM\PHP\vendor\ishop\core\Router.php | 
         Строка 46
==================================================
[2020-01-31 14:31:12]
         Текст ошибки: Страница не найдена | 
         Файл C:\OSPanel\domains\WFM\PHP\vendor\ishop\core\Router.php | 
         Строка 46
==================================================
[2020-01-31 14:31:12]
         Текст ошибки: Страница не найдена | 
         Файл C:\OSPanel\domains\WFM\PHP\vendor\ishop\core\Router.php | 
         Строка 46
==================================================
[2020-01-31 14:31:12]
         Текст ошибки: Страница не найдена | 
         Файл C:\OSPanel\domains\WFM\PHP\vendor\ishop\core\Router.php | 
         Строка 46
==================================================
[2020-01-31 14:31:12]
         Текст ошибки: Страница не найдена | 
         Файл C:\OSPanel\domains\WFM\PHP\vendor\ishop\core\Router.php | 
         Строка 46
==================================================
[2020-01-31 14:31:12]
         Текст ошибки: Страница не найдена | 
         Файл C:\OSPanel\domains\WFM\PHP\vendor\ishop\core\Router.php | 
         Строка 46
==================================================
[2020-01-31 14:31:12]
         Текст ошибки: Страница не найдена | 
         Файл C:\OSPanel\domains\WFM\PHP\vendor\ishop\core\Router.php | 
         Строка 46
==================================================
[2020-01-31 14:31:12]
         Текст ошибки: Страница не найдена | 
         Файл C:\OSPanel\domains\WFM\PHP\vendor\ishop\core\Router.php | 
         Строка 46
==================================================
[2020-01-31 14:31:12]
         Текст ошибки: Страница не найдена | 
         Файл C:\OSPanel\domains\WFM\PHP\vendor\ishop\core\Router.php | 
         Строка 46
==================================================
[2020-01-31 14:31:12]
         Текст ошибки: Страница не найдена | 
         Файл C:\OSPanel\domains\WFM\PHP\vendor\ishop\core\Router.php | 
         Строка 46
==================================================
[2020-01-31 14:31:12]
         Текст ошибки: Страница не найдена | 
         Файл C:\OSPanel\domains\WFM\PHP\vendor\ishop\core\Router.php | 
         Строка 46
==================================================
[2020-01-31 14:31:13]
         Текст ошибки: Страница не найдена | 
         Файл C:\OSPanel\domains\WFM\PHP\vendor\ishop\core\Router.php | 
         Строка 46
==================================================
[2020-01-31 14:31:13]
         Текст ошибки: Страница не найдена | 
         Файл C:\OSPanel\domains\WFM\PHP\vendor\ishop\core\Router.php | 
         Строка 46
==================================================
[2020-01-31 14:31:13]
         Текст ошибки: Страница не найдена | 
         Файл C:\OSPanel\domains\WFM\PHP\vendor\ishop\core\Router.php | 
         Строка 46
==================================================
[2020-01-31 14:31:13]
         Текст ошибки: Страница не найдена | 
         Файл C:\OSPanel\domains\WFM\PHP\vendor\ishop\core\Router.php | 
         Строка 46
==================================================
[2020-01-31 14:31:13]
         Текст ошибки: Страница не найдена | 
         Файл C:\OSPanel\domains\WFM\PHP\vendor\ishop\core\Router.php | 
         Строка 46
==================================================
[2020-01-31 14:31:13]
         Текст ошибки: Страница не найдена | 
         Файл C:\OSPanel\domains\WFM\PHP\vendor\ishop\core\Router.php | 
         Строка 46
==================================================
[2020-01-31 14:31:13]
         Текст ошибки: Страница не найдена | 
         Файл C:\OSPanel\domains\WFM\PHP\vendor\ishop\core\Router.php | 
         Строка 46
==================================================
[2020-01-31 14:31:13]
         Текст ошибки: Страница не найдена | 
         Файл C:\OSPanel\domains\WFM\PHP\vendor\ishop\core\Router.php | 
         Строка 46
==================================================
[2020-01-31 14:31:13]
         Текст ошибки: Страница не найдена | 
         Файл C:\OSPanel\domains\WFM\PHP\vendor\ishop\core\Router.php | 
         Строка 46
==================================================
[2020-01-31 14:31:13]
         Текст ошибки: Страница не найдена | 
         Файл C:\OSPanel\domains\WFM\PHP\vendor\ishop\core\Router.php | 
         Строка 46
==================================================
[2020-01-31 14:31:13]
         Текст ошибки: Страница не найдена | 
         Файл C:\OSPanel\domains\WFM\PHP\vendor\ishop\core\Router.php | 
         Строка 46
==================================================
[2020-01-31 14:31:13]
         Текст ошибки: Страница не найдена | 
         Файл C:\OSPanel\domains\WFM\PHP\vendor\ishop\core\Router.php | 
         Строка 46
==================================================
[2020-01-31 14:31:13]
         Текст ошибки: Страница не найдена | 
         Файл C:\OSPanel\domains\WFM\PHP\vendor\ishop\core\Router.php | 
         Строка 46
==================================================
[2020-01-31 14:31:13]
         Текст ошибки: Страница не найдена | 
         Файл C:\OSPanel\domains\WFM\PHP\vendor\ishop\core\Router.php | 
         Строка 46
==================================================
[2020-01-31 14:31:13]
         Текст ошибки: Страница не найдена | 
         Файл C:\OSPanel\domains\WFM\PHP\vendor\ishop\core\Router.php | 
         Строка 46
==================================================
[2020-01-31 14:31:13]
         Текст ошибки: Страница не найдена | 
         Файл C:\OSPanel\domains\WFM\PHP\vendor\ishop\core\Router.php | 
         Строка 46
==================================================
[2020-01-31 14:31:13]
         Текст ошибки: Страница не найдена | 
         Файл C:\OSPanel\domains\WFM\PHP\vendor\ishop\core\Router.php | 
         Строка 46
==================================================
[2020-01-31 14:31:13]
         Текст ошибки: Страница не найдена | 
         Файл C:\OSPanel\domains\WFM\PHP\vendor\ishop\core\Router.php | 
         Строка 46
==================================================
[2020-01-31 14:31:23]
         Текст ошибки: Страница не найдена | 
         Файл C:\OSPanel\domains\WFM\PHP\vendor\ishop\core\Router.php | 
         Строка 46
==================================================
[2020-01-31 14:31:23]
         Текст ошибки: Страница не найдена | 
         Файл C:\OSPanel\domains\WFM\PHP\vendor\ishop\core\Router.php | 
         Строка 46
==================================================
[2020-01-31 14:31:23]
         Текст ошибки: Страница не найдена | 
         Файл C:\OSPanel\domains\WFM\PHP\vendor\ishop\core\Router.php | 
         Строка 46
==================================================
[2020-01-31 14:31:23]
         Текст ошибки: Страница не найдена | 
         Файл C:\OSPanel\domains\WFM\PHP\vendor\ishop\core\Router.php | 
         Строка 46
==================================================
[2020-01-31 14:31:23]
         Текст ошибки: Страница не найдена | 
         Файл C:\OSPanel\domains\WFM\PHP\vendor\ishop\core\Router.php | 
         Строка 46
==================================================
[2020-01-31 14:31:23]
         Текст ошибки: Страница не найдена | 
         Файл C:\OSPanel\domains\WFM\PHP\vendor\ishop\core\Router.php | 
         Строка 46
==================================================
[2020-01-31 14:31:23]
         Текст ошибки: Страница не найдена | 
         Файл C:\OSPanel\domains\WFM\PHP\vendor\ishop\core\Router.php | 
         Строка 46
==================================================
[2020-01-31 14:31:23]
         Текст ошибки: Страница не найдена | 
         Файл C:\OSPanel\domains\WFM\PHP\vendor\ishop\core\Router.php | 
         Строка 46
==================================================
[2020-01-31 14:31:23]
         Текст ошибки: Страница не найдена | 
         Файл C:\OSPanel\domains\WFM\PHP\vendor\ishop\core\Router.php | 
         Строка 46
==================================================
[2020-01-31 14:31:23]
         Текст ошибки: Страница не найдена | 
         Файл C:\OSPanel\domains\WFM\PHP\vendor\ishop\core\Router.php | 
         Строка 46
==================================================
[2020-01-31 14:31:23]
         Текст ошибки: Страница не найдена | 
         Файл C:\OSPanel\domains\WFM\PHP\vendor\ishop\core\Router.php | 
         Строка 46
==================================================
[2020-01-31 14:31:23]
         Текст ошибки: Страница не найдена | 
         Файл C:\OSPanel\domains\WFM\PHP\vendor\ishop\core\Router.php | 
         Строка 46
==================================================
[2020-01-31 14:31:23]
         Текст ошибки: Страница не найдена | 
         Файл C:\OSPanel\domains\WFM\PHP\vendor\ishop\core\Router.php | 
         Строка 46
==================================================
[2020-01-31 14:31:23]
         Текст ошибки: Страница не найдена | 
         Файл C:\OSPanel\domains\WFM\PHP\vendor\ishop\core\Router.php | 
         Строка 46
==================================================
[2020-01-31 14:31:23]
         Текст ошибки: Страница не найдена | 
         Файл C:\OSPanel\domains\WFM\PHP\vendor\ishop\core\Router.php | 
         Строка 46
==================================================
[2020-01-31 14:31:23]
         Текст ошибки: Страница не найдена | 
         Файл C:\OSPanel\domains\WFM\PHP\vendor\ishop\core\Router.php | 
         Строка 46
==================================================
[2020-01-31 14:31:23]
         Текст ошибки: Страница не найдена | 
         Файл C:\OSPanel\domains\WFM\PHP\vendor\ishop\core\Router.php | 
         Строка 46
==================================================
[2020-01-31 14:31:23]
         Текст ошибки: Страница не найдена | 
         Файл C:\OSPanel\domains\WFM\PHP\vendor\ishop\core\Router.php | 
         Строка 46
==================================================
[2020-01-31 14:31:23]
         Текст ошибки: Страница не найдена | 
         Файл C:\OSPanel\domains\WFM\PHP\vendor\ishop\core\Router.php | 
         Строка 46
==================================================
[2020-01-31 14:31:23]
         Текст ошибки: Страница не найдена | 
         Файл C:\OSPanel\domains\WFM\PHP\vendor\ishop\core\Router.php | 
         Строка 46
==================================================
[2020-01-31 14:31:38]
         Текст ошибки: Страница не найдена | 
         Файл C:\OSPanel\domains\WFM\PHP\vendor\ishop\core\Router.php | 
         Строка 46
==================================================
[2020-01-31 14:31:38]
         Текст ошибки: Страница не найдена | 
         Файл C:\OSPanel\domains\WFM\PHP\vendor\ishop\core\Router.php | 
         Строка 46
==================================================
[2020-01-31 14:31:38]
         Текст ошибки: Страница не найдена | 
         Файл C:\OSPanel\domains\WFM\PHP\vendor\ishop\core\Router.php | 
         Строка 46
==================================================
[2020-01-31 14:31:38]
         Текст ошибки: Страница не найдена | 
         Файл C:\OSPanel\domains\WFM\PHP\vendor\ishop\core\Router.php | 
         Строка 46
==================================================
[2020-01-31 14:31:38]
         Текст ошибки: Страница не найдена | 
         Файл C:\OSPanel\domains\WFM\PHP\vendor\ishop\core\Router.php | 
         Строка 46
==================================================
[2020-01-31 14:31:38]
         Текст ошибки: Страница не найдена | 
         Файл C:\OSPanel\domains\WFM\PHP\vendor\ishop\core\Router.php | 
         Строка 46
==================================================
[2020-01-31 14:31:38]
         Текст ошибки: Страница не найдена | 
         Файл C:\OSPanel\domains\WFM\PHP\vendor\ishop\core\Router.php | 
         Строка 46
==================================================
[2020-01-31 14:31:38]
         Текст ошибки: Страница не найдена | 
         Файл C:\OSPanel\domains\WFM\PHP\vendor\ishop\core\Router.php | 
         Строка 46
==================================================
[2020-01-31 14:31:38]
         Текст ошибки: Страница не найдена | 
         Файл C:\OSPanel\domains\WFM\PHP\vendor\ishop\core\Router.php | 
         Строка 46
==================================================
[2020-01-31 14:31:38]
         Текст ошибки: Страница не найдена | 
         Файл C:\OSPanel\domains\WFM\PHP\vendor\ishop\core\Router.php | 
         Строка 46
==================================================
[2020-01-31 14:31:38]
         Текст ошибки: Страница не найдена | 
         Файл C:\OSPanel\domains\WFM\PHP\vendor\ishop\core\Router.php | 
         Строка 46
==================================================
[2020-01-31 14:31:38]
         Текст ошибки: Страница не найдена | 
         Файл C:\OSPanel\domains\WFM\PHP\vendor\ishop\core\Router.php | 
         Строка 46
==================================================
[2020-01-31 14:31:38]
         Текст ошибки: Страница не найдена | 
         Файл C:\OSPanel\domains\WFM\PHP\vendor\ishop\core\Router.php | 
         Строка 46
==================================================
[2020-01-31 14:31:38]
         Текст ошибки: Страница не найдена | 
         Файл C:\OSPanel\domains\WFM\PHP\vendor\ishop\core\Router.php | 
         Строка 46
==================================================
[2020-01-31 14:31:38]
         Текст ошибки: Страница не найдена | 
         Файл C:\OSPanel\domains\WFM\PHP\vendor\ishop\core\Router.php | 
         Строка 46
==================================================
[2020-01-31 14:31:38]
         Текст ошибки: Страница не найдена | 
         Файл C:\OSPanel\domains\WFM\PHP\vendor\ishop\core\Router.php | 
         Строка 46
==================================================
[2020-01-31 14:31:39]
         Текст ошибки: Страница не найдена | 
         Файл C:\OSPanel\domains\WFM\PHP\vendor\ishop\core\Router.php | 
         Строка 46
==================================================
[2020-01-31 14:31:39]
         Текст ошибки: Страница не найдена | 
         Файл C:\OSPanel\domains\WFM\PHP\vendor\ishop\core\Router.php | 
         Строка 46
==================================================
[2020-01-31 14:31:39]
         Текст ошибки: Страница не найдена | 
         Файл C:\OSPanel\domains\WFM\PHP\vendor\ishop\core\Router.php | 
         Строка 46
==================================================
[2020-01-31 14:31:39]
         Текст ошибки: Страница не найдена | 
         Файл C:\OSPanel\domains\WFM\PHP\vendor\ishop\core\Router.php | 
         Строка 46
==================================================
[2020-01-31 14:31:39]
         Текст ошибки: Страница не найдена | 
         Файл C:\OSPanel\domains\WFM\PHP\vendor\ishop\core\Router.php | 
         Строка 46
==================================================
[2020-01-31 14:31:39]
         Текст ошибки: Страница не найдена | 
         Файл C:\OSPanel\domains\WFM\PHP\vendor\ishop\core\Router.php | 
         Строка 46
==================================================
[2020-01-31 14:31:39]
         Текст ошибки: Страница не найдена | 
         Файл C:\OSPanel\domains\WFM\PHP\vendor\ishop\core\Router.php | 
         Строка 46
==================================================
[2020-01-31 14:31:39]
         Текст ошибки: Страница не найдена | 
         Файл C:\OSPanel\domains\WFM\PHP\vendor\ishop\core\Router.php | 
         Строка 46
==================================================
[2020-01-31 14:31:39]
         Текст ошибки: Страница не найдена | 
         Файл C:\OSPanel\domains\WFM\PHP\vendor\ishop\core\Router.php | 
         Строка 46
==================================================
[2020-01-31 14:31:39]
         Текст ошибки: Страница не найдена | 
         Файл C:\OSPanel\domains\WFM\PHP\vendor\ishop\core\Router.php | 
         Строка 46
==================================================
[2020-01-31 14:31:39]
         Текст ошибки: Страница не найдена | 
         Файл C:\OSPanel\domains\WFM\PHP\vendor\ishop\core\Router.php | 
         Строка 46
==================================================
[2020-01-31 14:31:39]
         Текст ошибки: Страница не найдена | 
         Файл C:\OSPanel\domains\WFM\PHP\vendor\ishop\core\Router.php | 
         Строка 46
==================================================
[2020-01-31 14:31:39]
         Текст ошибки: Страница не найдена | 
         Файл C:\OSPanel\domains\WFM\PHP\vendor\ishop\core\Router.php | 
         Строка 46
==================================================
[2020-01-31 14:31:39]
         Текст ошибки: Страница не найдена | 
         Файл C:\OSPanel\domains\WFM\PHP\vendor\ishop\core\Router.php | 
         Строка 46
==================================================
[2020-01-31 14:31:39]
         Текст ошибки: Страница не найдена | 
         Файл C:\OSPanel\domains\WFM\PHP\vendor\ishop\core\Router.php | 
         Строка 46
==================================================
[2020-01-31 14:31:39]
         Текст ошибки: Страница не найдена | 
         Файл C:\OSPanel\domains\WFM\PHP\vendor\ishop\core\Router.php | 
         Строка 46
==================================================
[2020-01-31 14:31:39]
         Текст ошибки: Страница не найдена | 
         Файл C:\OSPanel\domains\WFM\PHP\vendor\ishop\core\Router.php | 
         Строка 46
==================================================
[2020-01-31 14:31:39]
         Текст ошибки: Страница не найдена | 
         Файл C:\OSPanel\domains\WFM\PHP\vendor\ishop\core\Router.php | 
         Строка 46
==================================================
[2020-01-31 14:31:39]
         Текст ошибки: Страница не найдена | 
         Файл C:\OSPanel\domains\WFM\PHP\vendor\ishop\core\Router.php | 
         Строка 46
==================================================
[2020-01-31 14:31:39]
         Текст ошибки: Страница не найдена | 
         Файл C:\OSPanel\domains\WFM\PHP\vendor\ishop\core\Router.php | 
         Строка 46
==================================================
[2020-01-31 14:31:39]
         Текст ошибки: Страница не найдена | 
         Файл C:\OSPanel\domains\WFM\PHP\vendor\ishop\core\Router.php | 
         Строка 46
==================================================
[2020-01-31 14:31:39]
         Текст ошибки: Страница не найдена | 
         Файл C:\OSPanel\domains\WFM\PHP\vendor\ishop\core\Router.php | 
         Строка 46
==================================================
[2020-01-31 14:31:39]
         Текст ошибки: Страница не найдена | 
         Файл C:\OSPanel\domains\WFM\PHP\vendor\ishop\core\Router.php | 
         Строка 46
==================================================
[2020-01-31 14:31:39]
         Текст ошибки: Страница не найдена | 
         Файл C:\OSPanel\domains\WFM\PHP\vendor\ishop\core\Router.php | 
         Строка 46
==================================================
[2020-01-31 14:32:18]
         Текст ошибки: Страница не найдена | 
         Файл C:\OSPanel\domains\WFM\PHP\vendor\ishop\core\Router.php | 
         Строка 46
==================================================
[2020-01-31 14:32:18]
         Текст ошибки: Страница не найдена | 
         Файл C:\OSPanel\domains\WFM\PHP\vendor\ishop\core\Router.php | 
         Строка 46
==================================================
[2020-01-31 14:32:18]
         Текст ошибки: Страница не найдена | 
         Файл C:\OSPanel\domains\WFM\PHP\vendor\ishop\core\Router.php | 
         Строка 46
==================================================
[2020-01-31 14:32:18]
         Текст ошибки: Страница не найдена | 
         Файл C:\OSPanel\domains\WFM\PHP\vendor\ishop\core\Router.php | 
         Строка 46
==================================================
[2020-01-31 14:32:18]
         Текст ошибки: Страница не найдена | 
         Файл C:\OSPanel\domains\WFM\PHP\vendor\ishop\core\Router.php | 
         Строка 46
==================================================
[2020-01-31 14:32:18]
         Текст ошибки: Страница не найдена | 
         Файл C:\OSPanel\domains\WFM\PHP\vendor\ishop\core\Router.php | 
         Строка 46
==================================================
[2020-01-31 14:32:18]
         Текст ошибки: Страница не найдена | 
         Файл C:\OSPanel\domains\WFM\PHP\vendor\ishop\core\Router.php | 
         Строка 46
==================================================
[2020-01-31 14:32:18]
         Текст ошибки: Страница не найдена | 
         Файл C:\OSPanel\domains\WFM\PHP\vendor\ishop\core\Router.php | 
         Строка 46
==================================================
[2020-01-31 14:32:18]
         Текст ошибки: Страница не найдена | 
         Файл C:\OSPanel\domains\WFM\PHP\vendor\ishop\core\Router.php | 
         Строка 46
==================================================
[2020-01-31 14:32:18]
         Текст ошибки: Страница не найдена | 
         Файл C:\OSPanel\domains\WFM\PHP\vendor\ishop\core\Router.php | 
         Строка 46
==================================================
[2020-01-31 14:32:18]
         Текст ошибки: Страница не найдена | 
         Файл C:\OSPanel\domains\WFM\PHP\vendor\ishop\core\Router.php | 
         Строка 46
==================================================
[2020-01-31 14:32:18]
         Текст ошибки: Страница не найдена | 
         Файл C:\OSPanel\domains\WFM\PHP\vendor\ishop\core\Router.php | 
         Строка 46
==================================================
[2020-01-31 14:32:18]
         Текст ошибки: Страница не найдена | 
         Файл C:\OSPanel\domains\WFM\PHP\vendor\ishop\core\Router.php | 
         Строка 46
==================================================
[2020-01-31 14:32:18]
         Текст ошибки: Страница не найдена | 
         Файл C:\OSPanel\domains\WFM\PHP\vendor\ishop\core\Router.php | 
         Строка 46
==================================================
[2020-01-31 14:32:18]
         Текст ошибки: Страница не найдена | 
         Файл C:\OSPanel\domains\WFM\PHP\vendor\ishop\core\Router.php | 
         Строка 46
==================================================
[2020-01-31 14:32:18]
         Текст ошибки: Страница не найдена | 
         Файл C:\OSPanel\domains\WFM\PHP\vendor\ishop\core\Router.php | 
         Строка 46
==================================================
[2020-01-31 14:32:18]
         Текст ошибки: Страница не найдена | 
         Файл C:\OSPanel\domains\WFM\PHP\vendor\ishop\core\Router.php | 
         Строка 46
==================================================
[2020-01-31 14:32:18]
         Текст ошибки: Страница не найдена | 
         Файл C:\OSPanel\domains\WFM\PHP\vendor\ishop\core\Router.php | 
         Строка 46
==================================================
[2020-01-31 14:32:18]
         Текст ошибки: Страница не найдена | 
         Файл C:\OSPanel\domains\WFM\PHP\vendor\ishop\core\Router.php | 
         Строка 46
==================================================
[2020-01-31 14:32:18]
         Текст ошибки: Страница не найдена | 
         Файл C:\OSPanel\domains\WFM\PHP\vendor\ishop\core\Router.php | 
         Строка 46
==================================================
[2020-01-31 14:32:18]
         Текст ошибки: Страница не найдена | 
         Файл C:\OSPanel\domains\WFM\PHP\vendor\ishop\core\Router.php | 
         Строка 46
==================================================
[2020-01-31 14:32:18]
         Текст ошибки: Страница не найдена | 
         Файл C:\OSPanel\domains\WFM\PHP\vendor\ishop\core\Router.php | 
         Строка 46
==================================================
[2020-01-31 14:32:18]
         Текст ошибки: Страница не найдена | 
         Файл C:\OSPanel\domains\WFM\PHP\vendor\ishop\core\Router.php | 
         Строка 46
==================================================
[2020-01-31 14:32:18]
         Текст ошибки: Страница не найдена | 
         Файл C:\OSPanel\domains\WFM\PHP\vendor\ishop\core\Router.php | 
         Строка 46
==================================================
[2020-01-31 14:32:18]
         Текст ошибки: Страница не найдена | 
         Файл C:\OSPanel\domains\WFM\PHP\vendor\ishop\core\Router.php | 
         Строка 46
==================================================
[2020-01-31 14:32:18]
         Текст ошибки: Страница не найдена | 
         Файл C:\OSPanel\domains\WFM\PHP\vendor\ishop\core\Router.php | 
         Строка 46
==================================================
[2020-01-31 14:32:18]
         Текст ошибки: Страница не найдена | 
         Файл C:\OSPanel\domains\WFM\PHP\vendor\ishop\core\Router.php | 
         Строка 46
==================================================
[2020-01-31 14:32:18]
         Текст ошибки: Страница не найдена | 
         Файл C:\OSPanel\domains\WFM\PHP\vendor\ishop\core\Router.php | 
         Строка 46
==================================================
[2020-01-31 14:32:18]
         Текст ошибки: Страница не найдена | 
         Файл C:\OSPanel\domains\WFM\PHP\vendor\ishop\core\Router.php | 
         Строка 46
==================================================
[2020-01-31 14:32:18]
         Текст ошибки: Страница не найдена | 
         Файл C:\OSPanel\domains\WFM\PHP\vendor\ishop\core\Router.php | 
         Строка 46
==================================================
[2020-01-31 14:32:18]
         Текст ошибки: Страница не найдена | 
         Файл C:\OSPanel\domains\WFM\PHP\vendor\ishop\core\Router.php | 
         Строка 46
==================================================
[2020-01-31 14:32:18]
         Текст ошибки: Страница не найдена | 
         Файл C:\OSPanel\domains\WFM\PHP\vendor\ishop\core\Router.php | 
         Строка 46
==================================================
[2020-01-31 14:32:18]
         Текст ошибки: Страница не найдена | 
         Файл C:\OSPanel\domains\WFM\PHP\vendor\ishop\core\Router.php | 
         Строка 46
==================================================
[2020-01-31 14:32:18]
         Текст ошибки: Страница не найдена | 
         Файл C:\OSPanel\domains\WFM\PHP\vendor\ishop\core\Router.php | 
         Строка 46
==================================================
[2020-01-31 14:32:18]
         Текст ошибки: Страница не найдена | 
         Файл C:\OSPanel\domains\WFM\PHP\vendor\ishop\core\Router.php | 
         Строка 46
==================================================
[2020-01-31 14:32:18]
         Текст ошибки: Страница не найдена | 
         Файл C:\OSPanel\domains\WFM\PHP\vendor\ishop\core\Router.php | 
         Строка 46
==================================================
[2020-01-31 14:32:18]
         Текст ошибки: Страница не найдена | 
         Файл C:\OSPanel\domains\WFM\PHP\vendor\ishop\core\Router.php | 
         Строка 46
==================================================
[2020-01-31 14:32:18]
         Текст ошибки: Страница не найдена | 
         Файл C:\OSPanel\domains\WFM\PHP\vendor\ishop\core\Router.php | 
         Строка 46
==================================================
[2020-01-31 14:32:18]
         Текст ошибки: Страница не найдена | 
         Файл C:\OSPanel\domains\WFM\PHP\vendor\ishop\core\Router.php | 
         Строка 46
==================================================
[2020-01-31 14:32:18]
         Текст ошибки: Страница не найдена | 
         Файл C:\OSPanel\domains\WFM\PHP\vendor\ishop\core\Router.php | 
         Строка 46
==================================================
[2020-01-31 14:32:18]
         Текст ошибки: Страница не найдена | 
         Файл C:\OSPanel\domains\WFM\PHP\vendor\ishop\core\Router.php | 
         Строка 46
==================================================
[2020-01-31 14:32:18]
         Текст ошибки: Страница не найдена | 
         Файл C:\OSPanel\domains\WFM\PHP\vendor\ishop\core\Router.php | 
         Строка 46
==================================================
[2020-01-31 14:32:18]
         Текст ошибки: Страница не найдена | 
         Файл C:\OSPanel\domains\WFM\PHP\vendor\ishop\core\Router.php | 
         Строка 46
==================================================
[2020-01-31 14:32:18]
         Текст ошибки: Страница не найдена | 
         Файл C:\OSPanel\domains\WFM\PHP\vendor\ishop\core\Router.php | 
         Строка 46
==================================================
[2020-01-31 14:32:53]
         Текст ошибки: Страница не найдена | 
         Файл C:\OSPanel\domains\WFM\PHP\vendor\ishop\core\Router.php | 
         Строка 46
==================================================
[2020-01-31 14:32:53]
         Текст ошибки: Страница не найдена | 
         Файл C:\OSPanel\domains\WFM\PHP\vendor\ishop\core\Router.php | 
         Строка 46
==================================================
[2020-01-31 14:32:53]
         Текст ошибки: Страница не найдена | 
         Файл C:\OSPanel\domains\WFM\PHP\vendor\ishop\core\Router.php | 
         Строка 46
==================================================
[2020-01-31 14:32:53]
         Текст ошибки: Страница не найдена | 
         Файл C:\OSPanel\domains\WFM\PHP\vendor\ishop\core\Router.php | 
         Строка 46
==================================================
[2020-01-31 14:32:53]
         Текст ошибки: Страница не найдена | 
         Файл C:\OSPanel\domains\WFM\PHP\vendor\ishop\core\Router.php | 
         Строка 46
==================================================
[2020-01-31 14:32:53]
         Текст ошибки: Страница не найдена | 
         Файл C:\OSPanel\domains\WFM\PHP\vendor\ishop\core\Router.php | 
         Строка 46
==================================================
[2020-01-31 14:32:53]
         Текст ошибки: Страница не найдена | 
         Файл C:\OSPanel\domains\WFM\PHP\vendor\ishop\core\Router.php | 
         Строка 46
==================================================
[2020-01-31 14:32:53]
         Текст ошибки: Страница не найдена | 
         Файл C:\OSPanel\domains\WFM\PHP\vendor\ishop\core\Router.php | 
         Строка 46
==================================================
[2020-01-31 14:32:53]
         Текст ошибки: Страница не найдена | 
         Файл C:\OSPanel\domains\WFM\PHP\vendor\ishop\core\Router.php | 
         Строка 46
==================================================
[2020-01-31 14:33:25]
         Текст ошибки: Страница не найдена | 
         Файл C:\OSPanel\domains\WFM\PHP\vendor\ishop\core\Router.php | 
         Строка 46
==================================================
[2020-01-31 14:33:25]
         Текст ошибки: Страница не найдена | 
         Файл C:\OSPanel\domains\WFM\PHP\vendor\ishop\core\Router.php | 
         Строка 46
==================================================
[2020-01-31 14:33:25]
         Текст ошибки: Страница не найдена | 
         Файл C:\OSPanel\domains\WFM\PHP\vendor\ishop\core\Router.php | 
         Строка 46
==================================================
[2020-01-31 14:34:36]
         Текст ошибки: Страница не найдена | 
         Файл C:\OSPanel\domains\WFM\PHP\vendor\ishop\core\Router.php | 
         Строка 46
==================================================
[2020-01-31 14:34:36]
         Текст ошибки: Страница не найдена | 
         Файл C:\OSPanel\domains\WFM\PHP\vendor\ishop\core\Router.php | 
         Строка 46
==================================================
[2020-01-31 14:34:36]
         Текст ошибки: Страница не найдена | 
         Файл C:\OSPanel\domains\WFM\PHP\vendor\ishop\core\Router.php | 
         Строка 46
==================================================
[2020-01-31 14:34:36]
         Текст ошибки: Страница не найдена | 
         Файл C:\OSPanel\domains\WFM\PHP\vendor\ishop\core\Router.php | 
         Строка 46
==================================================
[2020-01-31 14:34:36]
         Текст ошибки: Страница не найдена | 
         Файл C:\OSPanel\domains\WFM\PHP\vendor\ishop\core\Router.php | 
         Строка 46
==================================================
[2020-01-31 14:34:36]
         Текст ошибки: Страница не найдена | 
         Файл C:\OSPanel\domains\WFM\PHP\vendor\ishop\core\Router.php | 
         Строка 46
==================================================
[2020-01-31 14:34:36]
         Текст ошибки: Страница не найдена | 
         Файл C:\OSPanel\domains\WFM\PHP\vendor\ishop\core\Router.php | 
         Строка 46
==================================================
[2020-01-31 14:34:38]
         Текст ошибки: Страница не найдена | 
         Файл C:\OSPanel\domains\WFM\PHP\vendor\ishop\core\Router.php | 
         Строка 46
==================================================
[2020-01-31 14:34:38]
         Текст ошибки: Страница не найдена | 
         Файл C:\OSPanel\domains\WFM\PHP\vendor\ishop\core\Router.php | 
         Строка 46
==================================================
[2020-01-31 14:34:38]
         Текст ошибки: Страница не найдена | 
         Файл C:\OSPanel\domains\WFM\PHP\vendor\ishop\core\Router.php | 
         Строка 46
==================================================
[2020-01-31 14:34:38]
         Текст ошибки: Страница не найдена | 
         Файл C:\OSPanel\domains\WFM\PHP\vendor\ishop\core\Router.php | 
         Строка 46
==================================================
[2020-01-31 14:34:38]
         Текст ошибки: Страница не найдена | 
         Файл C:\OSPanel\domains\WFM\PHP\vendor\ishop\core\Router.php | 
         Строка 46
==================================================
[2020-01-31 14:34:38]
         Текст ошибки: Страница не найдена | 
         Файл C:\OSPanel\domains\WFM\PHP\vendor\ishop\core\Router.php | 
         Строка 46
==================================================
[2020-01-31 14:34:38]
         Текст ошибки: Страница не найдена | 
         Файл C:\OSPanel\domains\WFM\PHP\vendor\ishop\core\Router.php | 
         Строка 46
==================================================
[2020-01-31 14:34:40]
         Текст ошибки: Страница не найдена | 
         Файл C:\OSPanel\domains\WFM\PHP\vendor\ishop\core\Router.php | 
         Строка 46
==================================================
[2020-01-31 14:34:40]
         Текст ошибки: Страница не найдена | 
         Файл C:\OSPanel\domains\WFM\PHP\vendor\ishop\core\Router.php | 
         Строка 46
==================================================
[2020-01-31 14:34:40]
         Текст ошибки: Страница не найдена | 
         Файл C:\OSPanel\domains\WFM\PHP\vendor\ishop\core\Router.php | 
         Строка 46
==================================================
[2020-01-31 14:34:40]
         Текст ошибки: Страница не найдена | 
         Файл C:\OSPanel\domains\WFM\PHP\vendor\ishop\core\Router.php | 
         Строка 46
==================================================
[2020-01-31 14:34:40]
         Текст ошибки: Страница не найдена | 
         Файл C:\OSPanel\domains\WFM\PHP\vendor\ishop\core\Router.php | 
         Строка 46
==================================================
[2020-01-31 14:34:40]
         Текст ошибки: Страница не найдена | 
         Файл C:\OSPanel\domains\WFM\PHP\vendor\ishop\core\Router.php | 
         Строка 46
==================================================
[2020-01-31 14:34:40]
         Текст ошибки: Страница не найдена | 
         Файл C:\OSPanel\domains\WFM\PHP\vendor\ishop\core\Router.php | 
         Строка 46
==================================================
[2020-01-31 14:34:55]
         Текст ошибки: Страница не найдена | 
         Файл C:\OSPanel\domains\WFM\PHP\vendor\ishop\core\Router.php | 
         Строка 46
==================================================
[2020-01-31 14:36:10]
         Текст ошибки: Страница не найдена | 
         Файл C:\OSPanel\domains\WFM\PHP\vendor\ishop\core\Router.php | 
         Строка 46
==================================================
[2020-01-31 14:36:40]
         Текст ошибки: Страница не найдена | 
         Файл C:\OSPanel\domains\WFM\PHP\vendor\ishop\core\Router.php | 
         Строка 46
==================================================
[2020-01-31 14:54:30]
         Текст ошибки: Страница не найдена | 
         Файл C:\OSPanel\domains\WFM\PHP\vendor\ishop\core\Router.php | 
         Строка 46
==================================================
[2020-01-31 15:02:05]
         Текст ошибки: Страница не найдена | 
         Файл C:\OSPanel\domains\WFM\PHP\vendor\ishop\core\Router.php | 
         Строка 46
==================================================
[2020-01-31 16:28:02]
         Текст ошибки: Страница не найдена | 
         Файл C:\OSPanel\domains\WFM\PHP\vendor\ishop\core\Router.php | 
         Строка 46
==================================================
[2020-01-31 16:39:41]
         Текст ошибки: Страница не найдена | 
         Файл C:\OSPanel\domains\WFM\PHP\vendor\ishop\core\Router.php | 
         Строка 46
==================================================
[2020-01-31 16:39:41]
         Текст ошибки: Страница не найдена | 
         Файл C:\OSPanel\domains\WFM\PHP\vendor\ishop\core\Router.php | 
         Строка 46
==================================================
[2020-01-31 16:39:41]
         Текст ошибки: Страница не найдена | 
         Файл C:\OSPanel\domains\WFM\PHP\vendor\ishop\core\Router.php | 
         Строка 46
==================================================
[2020-01-31 16:40:05]
         Текст ошибки: Страница не найдена | 
         Файл C:\OSPanel\domains\WFM\PHP\vendor\ishop\core\Router.php | 
         Строка 46
==================================================
[2020-01-31 16:40:05]
         Текст ошибки: Страница не найдена | 
         Файл C:\OSPanel\domains\WFM\PHP\vendor\ishop\core\Router.php | 
         Строка 46
==================================================
[2020-01-31 16:40:47]
         Текст ошибки: Страница не найдена | 
         Файл C:\OSPanel\domains\WFM\PHP\vendor\ishop\core\Router.php | 
         Строка 46
==================================================
[2020-01-31 16:40:47]
         Текст ошибки: Страница не найдена | 
         Файл C:\OSPanel\domains\WFM\PHP\vendor\ishop\core\Router.php | 
         Строка 46
==================================================
[2020-01-31 16:40:47]
         Текст ошибки: Страница не найдена | 
         Файл C:\OSPanel\domains\WFM\PHP\vendor\ishop\core\Router.php | 
         Строка 46
==================================================
[2020-01-31 16:41:10]
         Текст ошибки: Страница не найдена | 
         Файл C:\OSPanel\domains\WFM\PHP\vendor\ishop\core\Router.php | 
         Строка 46
==================================================
[2020-01-31 16:41:20]
         Текст ошибки: Страница не найдена | 
         Файл C:\OSPanel\domains\WFM\PHP\vendor\ishop\core\Router.php | 
         Строка 46
==================================================
[2020-01-31 16:41:20]
         Текст ошибки: Страница не найдена | 
         Файл C:\OSPanel\domains\WFM\PHP\vendor\ishop\core\Router.php | 
         Строка 46
==================================================
[2020-01-31 16:41:20]
         Текст ошибки: Страница не найдена | 
         Файл C:\OSPanel\domains\WFM\PHP\vendor\ishop\core\Router.php | 
         Строка 46
==================================================
[2020-01-31 16:41:44]
         Текст ошибки: Страница не найдена | 
         Файл C:\OSPanel\domains\WFM\PHP\vendor\ishop\core\Router.php | 
         Строка 46
==================================================
[2020-01-31 16:42:07]
         Текст ошибки: Страница не найдена | 
         Файл C:\OSPanel\domains\WFM\PHP\vendor\ishop\core\Router.php | 
         Строка 46
==================================================
[2020-01-31 17:13:35]
         Текст ошибки: Страница не найдена | 
         Файл C:\OSPanel\domains\WFM\PHP\vendor\ishop\core\Router.php | 
         Строка 46
==================================================
[2020-01-31 17:26:58]
         Текст ошибки: Страница не найдена | 
         Файл C:\OSPanel\domains\WFM\PHP\vendor\ishop\core\Router.php | 
         Строка 46
==================================================
[2020-01-31 17:53:59]
         Текст ошибки: Страница не найдена | 
         Файл C:\OSPanel\domains\WFM\PHP\vendor\ishop\core\Router.php | 
         Строка 46
==================================================
[2020-01-31 17:54:10]
         Текст ошибки: Страница не найдена | 
         Файл C:\OSPanel\domains\WFM\PHP\vendor\ishop\core\Router.php | 
         Строка 46
==================================================
[2020-01-31 18:47:41]
         Текст ошибки: Страница не найдена | 
         Файл C:\OSPanel\domains\WFM\PHP\vendor\ishop\core\Router.php | 
         Строка 46
==================================================
[2020-01-31 18:52:30]
         Текст ошибки: Страница не найдена | 
         Файл C:\OSPanel\domains\WFM\PHP\vendor\ishop\core\Router.php | 
         Строка 46
==================================================
